\BOOKMARK [0][-]{chapter.1}{Online\040Thesis}{}% 1
\BOOKMARK [0][-]{chapter.2}{Introduction}{}% 2
\BOOKMARK [0][-]{chapter.3}{Methods}{}% 3
\BOOKMARK [0][-]{chapter.4}{Chapter\0401}{}% 4
\BOOKMARK [0][-]{chapter.5}{Chapter\0402}{}% 5
\BOOKMARK [0][-]{chapter.6}{Chapter\0403}{}% 6
\BOOKMARK [0][-]{chapter.7}{Chapter\0404}{}% 7
\BOOKMARK [0][-]{chapter.8}{Chapter\0405}{}% 8
\BOOKMARK [0][-]{chapter.9}{Novel\040methodology\040for\040producing\040amorphous\040ice\040micro-particles\040-\040Proof\040of\040concept\040experiment}{}% 9
\BOOKMARK [1][-]{section.9.1}{Overview\040and\040aim}{chapter.9}% 10
\BOOKMARK [1][-]{section.9.2}{Proof\040of\040concept\040experiment}{chapter.9}% 11
\BOOKMARK [2][-]{subsection.9.2.1}{Safety\040consideration}{section.9.2}% 12
\BOOKMARK [2][-]{subsection.9.2.2}{Design\040and\040operation}{section.9.2}% 13
\BOOKMARK [3][-]{subsubsection*.3}{Ethane\040liquefaction}{subsection.9.2.2}% 14
\BOOKMARK [3][-]{subsubsection*.4}{Water\040droplet\040production\040and\040introduction}{subsection.9.2.2}% 15
\BOOKMARK [3][-]{subsubsection*.5}{Particle\040recovery}{subsection.9.2.2}% 16
\BOOKMARK [1][-]{section.9.3}{Testing\040and\040preliminary\040results}{chapter.9}% 17
\BOOKMARK [0][-]{chapter.10}{Novel\040methodology\040for\040producing\040amorphous\040ice\040micro-particles\040-\0402nd\040Version}{}% 18
\BOOKMARK [1][-]{section.10.1}{Overall\040Design}{chapter.10}% 19
\BOOKMARK [1][-]{section.10.2}{Targeted\040Design}{chapter.10}% 20
\BOOKMARK [2][-]{subsection.10.2.1}{Temperature\040control\040and\040recording}{section.10.2}% 21
\BOOKMARK [3][-]{subsubsection*.6}{Cooling}{subsection.10.2.1}% 22
\BOOKMARK [3][-]{subsubsection*.7}{Warming\040up\040and\040Temperature\040control}{subsection.10.2.1}% 23
\BOOKMARK [2][-]{subsection.10.2.2}{Water\040droplet\040production}{section.10.2}% 24
\BOOKMARK [2][-]{subsection.10.2.3}{Sample\040recovery\040method}{section.10.2}% 25
\BOOKMARK [3][-]{subsubsection*.8}{Sample\040storage}{subsection.10.2.3}% 26
\BOOKMARK [3][-]{subsubsection*.9}{ISIS\040cell\040filling}{subsection.10.2.3}% 27
\BOOKMARK [1][-]{section.10.3}{\376\377\000T\000h\000e\000\040\000c\000o\000o\000k\000i\000n\000g\000\040\000r\000e\000c\000i\000p\000e\000\040\000t\000o\000\040\000p\000r\000o\000d\000u\000c\000e\000\040\000H\000G\000W\000\040\000\265\000m\000\040\000i\000c\000e\000\040\000p\000a\000r\000t\000i\000c\000l\000e\000s}{chapter.10}% 28
\BOOKMARK [2][-]{subsection.10.3.1}{Warm-up\040and\040Glove\040Box\040purging}{section.10.3}% 29
\BOOKMARK [2][-]{subsection.10.3.2}{Reaction\040vessel\040cooling}{section.10.3}% 30
\BOOKMARK [2][-]{subsection.10.3.3}{Ethane\040liquefaction}{section.10.3}% 31
\BOOKMARK [2][-]{subsection.10.3.4}{Ethane\040Temperature\040control}{section.10.3}% 32
\BOOKMARK [2][-]{subsection.10.3.5}{Water\040introduction}{section.10.3}% 33
\BOOKMARK [2][-]{subsection.10.3.6}{Ice\040recovery}{section.10.3}% 34
\BOOKMARK [3][-]{subsubsection*.10}{Sample\040storage}{subsection.10.3.6}% 35
\BOOKMARK [3][-]{subsubsection*.11}{ISIS\040cell}{subsection.10.3.6}% 36
\BOOKMARK [1][-]{section.10.4}{Discussion\040and\040evaluation}{chapter.10}% 37
\BOOKMARK [0][-]{chapter.11}{Conclusion}{}% 38
